<?xml version="1.0" encoding="UTF-8"?>
<testng-results skipped="4" failed="0" total="4" passed="0">
  <reporter-output>
  </reporter-output>
  <suite name="Default suite" duration-ms="32203" started-at="2017-01-29T15:19:58Z" finished-at="2017-01-29T15:20:30Z">
    <groups>
    </groups>
    <test name="Default test" duration-ms="32203" started-at="2017-01-29T15:19:58Z" finished-at="2017-01-29T15:20:30Z">
      <class name="packone.Chat_nikiTest">
        <test-method status="FAIL" signature="setUp()[pri:0, instance:packone.Chat_nikiTest@56f4468b]" name="setUp" is-config="true" duration-ms="0" started-at="2017-01-29T20:49:58Z" finished-at="2017-01-29T20:49:58Z">
          <exception class="org.openqa.selenium.SessionNotCreatedException">
            <message>
              <![CDATA[A new session could not be created. (Original error: com.nikiapp/.ChatListActivity never started. Current: com.nikiapp/.LoginActivity) (WARNING: The server did not provide any stacktrace information)
Command duration or timeout: 31.46 seconds
Build info: version: '2.50.0', revision: '1070ace', time: '2016-01-27 18:43:24'
System info: host: 'LAPTOP-HNVUJ35R', ip: '172.16.0.21', os.name: 'Windows 10', os.arch: 'amd64', os.version: '10.0', java.version: '1.8.0_121'
Driver info: io.appium.java_client.android.AndroidDriver]]>
            </message>
            <full-stacktrace>
              <![CDATA[org.openqa.selenium.SessionNotCreatedException: A new session could not be created. (Original error: com.nikiapp/.ChatListActivity never started. Current: com.nikiapp/.LoginActivity) (WARNING: The server did not provide any stacktrace information)
Command duration or timeout: 31.46 seconds
Build info: version: '2.50.0', revision: '1070ace', time: '2016-01-27 18:43:24'
System info: host: 'LAPTOP-HNVUJ35R', ip: '172.16.0.21', os.name: 'Windows 10', os.arch: 'amd64', os.version: '10.0', java.version: '1.8.0_121'
Driver info: io.appium.java_client.android.AndroidDriver
	at sun.reflect.NativeConstructorAccessorImpl.newInstance0(Native Method)
	at sun.reflect.NativeConstructorAccessorImpl.newInstance(Unknown Source)
	at sun.reflect.DelegatingConstructorAccessorImpl.newInstance(Unknown Source)
	at java.lang.reflect.Constructor.newInstance(Unknown Source)
	at org.openqa.selenium.remote.ErrorHandler.createThrowable(ErrorHandler.java:206)
	at org.openqa.selenium.remote.ErrorHandler.throwIfResponseFailed(ErrorHandler.java:158)
	at org.openqa.selenium.remote.RemoteWebDriver.execute(RemoteWebDriver.java:678)
	at io.appium.java_client.DefaultGenericMobileDriver.execute(DefaultGenericMobileDriver.java:40)
	at io.appium.java_client.AppiumDriver.execute(AppiumDriver.java:1)
	at io.appium.java_client.android.AndroidDriver.execute(AndroidDriver.java:1)
	at org.openqa.selenium.remote.RemoteWebDriver.startSession(RemoteWebDriver.java:249)
	at org.openqa.selenium.remote.RemoteWebDriver.<init>(RemoteWebDriver.java:131)
	at org.openqa.selenium.remote.RemoteWebDriver.<init>(RemoteWebDriver.java:144)
	at io.appium.java_client.DefaultGenericMobileDriver.<init>(DefaultGenericMobileDriver.java:36)
	at io.appium.java_client.AppiumDriver.<init>(AppiumDriver.java:114)
	at io.appium.java_client.AppiumDriver.<init>(AppiumDriver.java:132)
	at io.appium.java_client.android.AndroidDriver.<init>(AndroidDriver.java:92)
	at packone.Chat_nikiTest.setUp(Chat_nikiTest.java:32)
	at sun.reflect.NativeMethodAccessorImpl.invoke0(Native Method)
	at sun.reflect.NativeMethodAccessorImpl.invoke(Unknown Source)
	at sun.reflect.DelegatingMethodAccessorImpl.invoke(Unknown Source)
	at java.lang.reflect.Method.invoke(Unknown Source)
	at org.testng.internal.MethodInvocationHelper.invokeMethod(MethodInvocationHelper.java:100)
	at org.testng.internal.Invoker.invokeConfigurationMethod(Invoker.java:515)
	at org.testng.internal.Invoker.invokeConfigurations(Invoker.java:216)
	at org.testng.internal.Invoker.invokeConfigurations(Invoker.java:143)
	at org.testng.internal.TestMethodWorker.invokeBeforeClassMethods(TestMethodWorker.java:169)
	at org.testng.internal.TestMethodWorker.run(TestMethodWorker.java:108)
	at org.testng.TestRunner.privateRun(TestRunner.java:746)
	at org.testng.TestRunner.run(TestRunner.java:600)
	at org.testng.SuiteRunner.runTest(SuiteRunner.java:366)
	at org.testng.SuiteRunner.runSequentially(SuiteRunner.java:361)
	at org.testng.SuiteRunner.privateRun(SuiteRunner.java:319)
	at org.testng.SuiteRunner.run(SuiteRunner.java:268)
	at org.testng.SuiteRunnerWorker.runSuite(SuiteRunnerWorker.java:52)
	at org.testng.SuiteRunnerWorker.run(SuiteRunnerWorker.java:86)
	at org.testng.TestNG.runSuitesSequentially(TestNG.java:1264)
	at org.testng.TestNG.runSuitesLocally(TestNG.java:1189)
	at org.testng.TestNG.runSuites(TestNG.java:1104)
	at org.testng.TestNG.run(TestNG.java:1076)
	at org.testng.remote.AbstractRemoteTestNG.run(AbstractRemoteTestNG.java:126)
	at org.testng.remote.RemoteTestNG.initAndRun(RemoteTestNG.java:152)
	at org.testng.remote.RemoteTestNG.main(RemoteTestNG.java:57)
]]>
            </full-stacktrace>
          </exception> <!-- org.openqa.selenium.SessionNotCreatedException -->
          <reporter-output>
          </reporter-output>
        </test-method> <!-- setUp -->
        <test-method status="SKIP" signature="loginChat()[pri:1, instance:packone.Chat_nikiTest@56f4468b]" name="loginChat" duration-ms="3" started-at="2017-01-29T20:50:30Z" finished-at="2017-01-29T20:50:30Z">
          <reporter-output>
          </reporter-output>
        </test-method> <!-- loginChat -->
        <test-method status="SKIP" signature="startChat()[pri:2, instance:packone.Chat_nikiTest@56f4468b]" name="startChat" duration-ms="3" started-at="2017-01-29T20:50:30Z" finished-at="2017-01-29T20:50:30Z">
          <reporter-output>
          </reporter-output>
        </test-method> <!-- startChat -->
        <test-method status="SKIP" signature="groupChat()[pri:3, instance:packone.Chat_nikiTest@56f4468b]" name="groupChat" duration-ms="2" started-at="2017-01-29T20:50:30Z" finished-at="2017-01-29T20:50:30Z">
          <reporter-output>
          </reporter-output>
        </test-method> <!-- groupChat -->
        <test-method status="SKIP" signature="chatScreen()[pri:4, instance:packone.Chat_nikiTest@56f4468b]" name="chatScreen" duration-ms="2" started-at="2017-01-29T20:50:30Z" finished-at="2017-01-29T20:50:30Z">
          <reporter-output>
          </reporter-output>
        </test-method> <!-- chatScreen -->
        <test-method status="SKIP" signature="tearDown()[pri:0, instance:packone.Chat_nikiTest@56f4468b]" name="tearDown" is-config="true" duration-ms="0" started-at="2017-01-29T20:50:30Z" finished-at="2017-01-29T20:50:30Z">
          <reporter-output>
          </reporter-output>
        </test-method> <!-- tearDown -->
      </class> <!-- packone.Chat_nikiTest -->
    </test> <!-- Default test -->
  </suite> <!-- Default suite -->
</testng-results>
